c:\users\alex\source\repos\ekf-slam\ekf-slam\x64\debug\vc142.pdb
c:\users\alex\source\repos\ekf-slam\ekf-slam\x64\debug\vc142.idb
c:\users\alex\source\repos\ekf-slam\ekf-slam\x64\debug\landmarks.obj
c:\users\alex\source\repos\ekf-slam\ekf-slam\x64\debug\ekf-slam.pdb
c:\users\alex\source\repos\ekf-slam\ekf-slam\x64\debug\ekf-slam.idb
c:\users\alex\source\repos\ekf-slam\ekf-slam\x64\debug\robot.obj
c:\users\alex\source\repos\ekf-slam\x64\debug\ekf-slam.lib
c:\users\alex\source\repos\ekf-slam\ekf-slam\x64\debug\ekf-slam.tlog\cl.command.1.tlog
c:\users\alex\source\repos\ekf-slam\ekf-slam\x64\debug\ekf-slam.tlog\cl.read.1.tlog
c:\users\alex\source\repos\ekf-slam\ekf-slam\x64\debug\ekf-slam.tlog\cl.write.1.tlog
c:\users\alex\source\repos\ekf-slam\ekf-slam\x64\debug\ekf-slam.tlog\lib-link.read.1.tlog
c:\users\alex\source\repos\ekf-slam\ekf-slam\x64\debug\ekf-slam.tlog\lib-link.write.1.tlog
c:\users\alex\source\repos\ekf-slam\ekf-slam\x64\debug\ekf-slam.tlog\lib.command.1.tlog
c:\users\alex\source\repos\ekf-slam\ekf-slam\x64\debug\ekf-slam.tlog\link-cvtres.read.1.tlog
c:\users\alex\source\repos\ekf-slam\ekf-slam\x64\debug\ekf-slam.tlog\link-cvtres.write.1.tlog
c:\users\alex\source\repos\ekf-slam\ekf-slam\x64\debug\ekf-slam.tlog\link-rc.read.1.tlog
c:\users\alex\source\repos\ekf-slam\ekf-slam\x64\debug\ekf-slam.tlog\link-rc.write.1.tlog
c:\users\alex\source\repos\ekf-slam\ekf-slam\x64\debug\ekf-slam.tlog\link.command.1.tlog
c:\users\alex\source\repos\ekf-slam\ekf-slam\x64\debug\ekf-slam.tlog\link.read.1.tlog
c:\users\alex\source\repos\ekf-slam\ekf-slam\x64\debug\ekf-slam.tlog\link.write.1.tlog
